#
# A fatal error has been detected by the Java Runtime Environment:
#
#  SIGSEGV (0xb) at pc=0x00000001112a843c, pid=10575, tid=0x0000000000000307
#
# JRE version: Java(TM) SE Runtime Environment (8.0_144-b01) (build 1.8.0_144-b01)
# Java VM: Java HotSpot(TM) 64-Bit Server VM (25.144-b01 mixed mode bsd-amd64 compressed oops)
# Problematic frame:
# C  [GLEngine+0x15743c]  gleRunVertexSubmitImmediate+0x2eec
#
# Failed to write core dump. Core dumps have been disabled. To enable core dumping, try "ulimit -c unlimited" before starting Java again
#
# If you would like to submit a bug report, please visit:
#   http://bugreport.java.com/bugreport/crash.jsp
# The crash happened outside the Java Virtual Machine in native code.
# See problematic frame for where to report the bug.
#

---------------  T H R E A D  ---------------

Current thread (0x00007f9be7006000):  JavaThread "main" [_thread_in_native, id=775, stack(0x00007fff59de5000,0x00007fff5a5e5000)]

siginfo: si_signo: 11 (SIGSEGV), si_code: 1 (SEGV_MAPERR), si_addr: 0x0000000000000008

Registers:
RAX=0x0000000000000000, RBX=0x0000000000000c33, RCX=0x00000001112a7be9, RDX=0x0000000000000003
RSP=0x00007fff5a5df360, RBP=0x00007fff5a5df5f0, RSI=0x0000000003300000, RDI=0x0000000000000006
R8 =0x00000c3300801800, R9 =0x00007f9be67d1d70, R10=0x0000000000000c33, R11=0x00007f9be9801400
R12=0x0000000000000006, R13=0x0000000000000003, R14=0x0000000186601003, R15=0x0000000000000001
RIP=0x00000001112a843c, EFLAGS=0x0000000000010297, ERR=0x0000000000000004
  TRAPNO=0x000000000000000e

Top of Stack: (sp=0x00007fff5a5df360)
0x00007fff5a5df360:   0000000000000000 0000000000000000
0x00007fff5a5df370:   0000000000000000 0000000000000000
0x00007fff5a5df380:   0000000000000000 0000000000000000
0x00007fff5a5df390:   0000000000000000 0000000000000000
0x00007fff5a5df3a0:   0000000000000000 0000000000000000
0x00007fff5a5df3b0:   0000000000000000 0000000000000000
0x00007fff5a5df3c0:   0000000000000000 0000000000000000
0x00007fff5a5df3d0:   0000000000000000 0000000000000000
0x00007fff5a5df3e0:   0000000000000000 0000000000000000
0x00007fff5a5df3f0:   0000000000000000 0000000000000000
0x00007fff5a5df400:   0000000000000000 0000000000000000
0x00007fff5a5df410:   0000000000000000 0000000000000000
0x00007fff5a5df420:   0000000000000000 0000000000000000
0x00007fff5a5df430:   00007f9be98015a0 00007f9be9801560
0x00007fff5a5df440:   00007f9be9801580 00007f9be9801550
0x00007fff5a5df450:   00007f9be9801590 0000000000000000
0x00007fff5a5df460:   00007f9be9801570 00007f9be9801540
0x00007fff5a5df470:   0000000000000000 00007fff5a5df588
0x00007fff5a5df480:   00007f9be9801590 e9801590e82d8c30
0x00007fff5a5df490:   0000000000000000 0000000000000000
0x00007fff5a5df4a0:   0000000000000000 0000000000000000
0x00007fff5a5df4b0:   0000000000000000 0000000000000000
0x00007fff5a5df4c0:   0000000186601003 00007f9be9801590
0x00007fff5a5df4d0:   e980159000000000 0000000000000000
0x00007fff5a5df4e0:   00007f9be9801400 000000007110c402
0x00007fff5a5df4f0:   fffffffe00000001 0000000000000001
0x00007fff5a5df500:   0000000000000000 00007f9be9801590
0x00007fff5a5df510:   00007f9be67d1d70 0000000002006000
0x00007fff5a5df520:   00000000ffffffff 0000000000000001
0x00007fff5a5df530:   00007f9be9801920 0000000000000004
0x00007fff5a5df540:   0000000000000005 00007f9be9801920
0x00007fff5a5df550:   f46c6e3aa3080093 00007f9be9801400 

Instructions: (pc=0x00000001112a843c)
0x00000001112a841c:   03 00 00 89 8d e4 fe ff ff e9 26 05 00 00 89 8d
0x00000001112a842c:   e4 fe ff ff e9 1b 05 00 00 48 8b 85 e8 fe ff ff
0x00000001112a843c:   f3 0f 10 40 08 f2 0f 10 08 66 0f 14 c8 66 0f 29
0x00000001112a844c:   8d a0 fe ff ff e9 fa 04 00 00 89 8d 9c fe ff ff 

Register to memory mapping:

RAX=0x0000000000000000 is an unknown value
RBX=0x0000000000000c33 is an unknown value
RCX=0x00000001112a7be9: gleRunVertexSubmitImmediate+0x2699 in /System/Library/Frameworks/OpenGL.framework/Resources/GLEngine.bundle/GLEngine at 0x0000000111151000
RDX=0x0000000000000003 is an unknown value
RSP=0x00007fff5a5df360 is pointing into the stack for thread: 0x00007f9be7006000
RBP=0x00007fff5a5df5f0 is pointing into the stack for thread: 0x00007f9be7006000
RSI=0x0000000003300000 is an unknown value
RDI=0x0000000000000006 is an unknown value
R8 =0x00000c3300801800 is an unknown value
R9 =0x00007f9be67d1d70 is an unknown value
R10=0x0000000000000c33 is an unknown value
R11=0x00007f9be9801400 is an unknown value
R12=0x0000000000000006 is an unknown value
R13=0x0000000000000003 is an unknown value
R14=0x0000000186601003 is an unknown value
R15=0x0000000000000001 is an unknown value


Stack: [0x00007fff59de5000,0x00007fff5a5e5000],  sp=0x00007fff5a5df360,  free space=8168k
Native frames: (J=compiled Java code, j=interpreted, Vv=VM code, C=native code)
C  [GLEngine+0x15743c]  gleRunVertexSubmitImmediate+0x2eec
C  [GLEngine+0x2f108]  glDrawElements_Exec+0x2bc
j  org.lwjgl.opengl.GL11.nglDrawElements(IIIJ)V+0
j  org.lwjgl.opengl.GL11.glDrawElements(IIIJ)V+4
j  com.td.Model.render()V+64
j  com.td.Main.main([Ljava/lang/String;)V+104
v  ~StubRoutines::call_stub
V  [libjvm.dylib+0x2ee70a]  JavaCalls::call_helper(JavaValue*, methodHandle*, JavaCallArguments*, Thread*)+0x6ae
V  [libjvm.dylib+0x325522]  jni_invoke_static(JNIEnv_*, JavaValue*, _jobject*, JNICallType, _jmethodID*, JNI_ArgumentPusher*, Thread*)+0x1bf
V  [libjvm.dylib+0x31e299]  jni_CallStaticVoidMethod+0x15d
C  [java+0x3931]  JavaMain+0x9c4
C  [java+0x5590]  -[JavaLaunchHelper launchJava:]+0x2a
C  [Foundation+0x7152a]  __NSThreadPerformPerform+0x146
C  [CoreFoundation+0xa43e1]  __CFRUNLOOP_IS_CALLING_OUT_TO_A_SOURCE0_PERFORM_FUNCTION__+0x11
C  [CoreFoundation+0x8565c]  __CFRunLoopDoSources0+0x22c
C  [CoreFoundation+0x84b46]  __CFRunLoopRun+0x3a6
C  [CoreFoundation+0x84544]  CFRunLoopRunSpecific+0x1a4
C  [java+0x6465]  CreateExecutionEnvironment+0x367
C  [java+0x218c]  JLI_Launch+0x7a0
C  [java+0x84c2]  main+0x65
C  [java+0x19e4]  start+0x34
C  0x0000000000000007

Java frames: (J=compiled Java code, j=interpreted, Vv=VM code)
j  org.lwjgl.opengl.GL11.nglDrawElements(IIIJ)V+0
j  org.lwjgl.opengl.GL11.glDrawElements(IIIJ)V+4
j  com.td.Model.render()V+64
j  com.td.Main.main([Ljava/lang/String;)V+104
v  ~StubRoutines::call_stub

---------------  P R O C E S S  ---------------

Java Threads: ( => current thread )
  0x00007f9be7030000 JavaThread "Service Thread" daemon [_thread_blocked, id=17923, stack(0x0000700003345000,0x0000700003445000)]
  0x00007f9be7025000 JavaThread "C1 CompilerThread2" daemon [_thread_blocked, id=17411, stack(0x0000700003242000,0x0000700003342000)]
  0x00007f9be8030800 JavaThread "C2 CompilerThread1" daemon [_thread_blocked, id=16899, stack(0x000070000313f000,0x000070000323f000)]
  0x00007f9be7024800 JavaThread "C2 CompilerThread0" daemon [_thread_blocked, id=16387, stack(0x000070000303c000,0x000070000313c000)]
  0x00007f9be7023800 JavaThread "Signal Dispatcher" daemon [_thread_blocked, id=15879, stack(0x0000700002f39000,0x0000700003039000)]
  0x00007f9be6811800 JavaThread "Finalizer" daemon [_thread_blocked, id=12035, stack(0x0000700002e36000,0x0000700002f36000)]
  0x00007f9be804e800 JavaThread "Reference Handler" daemon [_thread_blocked, id=11523, stack(0x0000700002d33000,0x0000700002e33000)]
=>0x00007f9be7006000 JavaThread "main" [_thread_in_native, id=775, stack(0x00007fff59de5000,0x00007fff5a5e5000)]

Other Threads:
  0x00007f9be7017800 VMThread [stack: 0x0000700002c30000,0x0000700002d30000] [id=11011]
  0x00007f9be6815800 WatcherThread [stack: 0x0000700003448000,0x0000700003548000] [id=18435]

VM state:not at safepoint (normal execution)

VM Mutex/Monitor currently owned by a thread: None

Heap:
 PSYoungGen      total 38400K, used 11890K [0x0000000795580000, 0x0000000798000000, 0x00000007c0000000)
  eden space 33280K, 35% used [0x0000000795580000,0x000000079611cb38,0x0000000797600000)
  from space 5120K, 0% used [0x0000000797b00000,0x0000000797b00000,0x0000000798000000)
  to   space 5120K, 0% used [0x0000000797600000,0x0000000797600000,0x0000000797b00000)
 ParOldGen       total 87552K, used 0K [0x0000000740000000, 0x0000000745580000, 0x0000000795580000)
  object space 87552K, 0% used [0x0000000740000000,0x0000000740000000,0x0000000745580000)
 Metaspace       used 6914K, capacity 7147K, committed 7424K, reserved 1056768K
  class space    used 648K, capacity 714K, committed 768K, reserved 1048576K

Card table byte_map: [0x0000000107367000,0x0000000107768000] byte_map_base: 0x0000000103967000

Marking Bits: (ParMarkBitMap*) 0x00000001068f35d0
 Begin Bits: [0x0000000107a13000, 0x0000000109a13000)
 End Bits:   [0x0000000109a13000, 0x000000010ba13000)

Polling page: 0x00000001056dc000

CodeCache: size=245760Kb used=2635Kb max_used=2647Kb free=243124Kb
 bounds [0x0000000114acd000, 0x0000000114d6d000, 0x0000000123acd000]
 total_blobs=1339 nmethods=596 adapters=657
 compilation: enabled

Compilation events (10 events):
Event: 1.042 Thread 0x00007f9be7025000 nmethod 590 0x0000000114d5d790 code [0x0000000114d5d960, 0x0000000114d5e488]
Event: 1.045 Thread 0x00007f9be8030800  593 %     4       java.io.UnixFileSystem::normalize @ 10 (75 bytes)
Event: 1.046 Thread 0x00007f9be7024800 nmethod 592 0x0000000114d61b10 code [0x0000000114d61c80, 0x0000000114d620d8]
Event: 1.046 Thread 0x00007f9be7025000  594       3       java.nio.Buffer::limit (62 bytes)
Event: 1.047 Thread 0x00007f9be7025000 nmethod 594 0x0000000114d615d0 code [0x0000000114d61740, 0x0000000114d61a48]
Event: 1.052 Thread 0x00007f9be7025000  596       3       java.util.regex.Pattern$Slice::match (79 bytes)
Event: 1.052 Thread 0x00007f9be7025000 nmethod 596 0x0000000114d60dd0 code [0x0000000114d60f60, 0x0000000114d613f8]
Event: 1.052 Thread 0x00007f9be7025000  595       3       java.util.Formatter$Flags::contains (22 bytes)
Event: 1.052 Thread 0x00007f9be7025000 nmethod 595 0x0000000114d60990 code [0x0000000114d60b00, 0x0000000114d60d10]
Event: 1.053 Thread 0x00007f9be8030800 nmethod 593% 0x0000000114d5ed50 code [0x0000000114d5eec0, 0x0000000114d5f248]

GC Heap History (0 events):
No events

Deoptimization events (3 events):
Event: 0.190 Thread 0x00007f9be7006000 Uncommon trap: reason=unstable_if action=reinterpret pc=0x0000000114bcc728 method=java.lang.String.hashCode()I @ 14
Event: 0.229 Thread 0x00007f9be7006000 Uncommon trap: reason=unstable_if action=reinterpret pc=0x0000000114bff3f8 method=java.lang.String.indexOf(II)I @ 49
Event: 0.240 Thread 0x00007f9be7006000 Uncommon trap: reason=unstable_if action=reinterpret pc=0x0000000114be95b4 method=java.lang.String.indexOf(II)I @ 49

Internal exceptions (10 events):
Event: 0.056 Thread 0x00007f9be7006000 Exception <a 'java/lang/NoSuchMethodError': Method sun.misc.Unsafe.defineClass(Ljava/lang/String;[BII)Ljava/lang/Class; name or signature does not match> (0x0000000795587ca8) thrown at [/Users/java_re/workspace/8-2-build-macosx-x86_64/jdk8u144/9417/hotspo
Event: 0.056 Thread 0x00007f9be7006000 Exception <a 'java/lang/NoSuchMethodError': Method sun.misc.Unsafe.prefetchRead(Ljava/lang/Object;J)V name or signature does not match> (0x0000000795587f90) thrown at [/Users/java_re/workspace/8-2-build-macosx-x86_64/jdk8u144/9417/hotspot/src/share/vm/pri
Event: 0.255 Thread 0x00007f9be7006000 Exception <a 'java/lang/NoSuchMethodError': java.lang.Object.lambda$static$0(Ljava/lang/String;)Ljava/lang/Boolean;> (0x00000007958129b8) thrown at [/Users/java_re/workspace/8-2-build-macosx-x86_64/jdk8u144/9417/hotspot/src/share/vm/interpreter/linkResolv
Event: 0.279 Thread 0x00007f9be7006000 Exception <a 'java/lang/NoSuchFieldError': method resolution failed> (0x000000079588a800) thrown at [/Users/java_re/workspace/8-2-build-macosx-x86_64/jdk8u144/9417/hotspot/src/share/vm/prims/methodHandles.cpp, line 1146]
Event: 0.282 Thread 0x00007f9be7006000 Exception <a 'java/lang/NoSuchFieldError': method resolution failed> (0x0000000795897c00) thrown at [/Users/java_re/workspace/8-2-build-macosx-x86_64/jdk8u144/9417/hotspot/src/share/vm/prims/methodHandles.cpp, line 1146]
Event: 0.386 Thread 0x00007f9be7006000 Exception <a 'java/security/PrivilegedActionException'> (0x00000007959e91d8) thrown at [/Users/java_re/workspace/8-2-build-macosx-x86_64/jdk8u144/9417/hotspot/src/share/vm/prims/jvm.cpp, line 1390]
Event: 0.386 Thread 0x00007f9be7006000 Exception <a 'java/security/PrivilegedActionException'> (0x00000007959e93e8) thrown at [/Users/java_re/workspace/8-2-build-macosx-x86_64/jdk8u144/9417/hotspot/src/share/vm/prims/jvm.cpp, line 1390]
Event: 0.386 Thread 0x00007f9be7006000 Exception <a 'java/security/PrivilegedActionException'> (0x00000007959ec718) thrown at [/Users/java_re/workspace/8-2-build-macosx-x86_64/jdk8u144/9417/hotspot/src/share/vm/prims/jvm.cpp, line 1390]
Event: 0.386 Thread 0x00007f9be7006000 Exception <a 'java/security/PrivilegedActionException'> (0x00000007959ec928) thrown at [/Users/java_re/workspace/8-2-build-macosx-x86_64/jdk8u144/9417/hotspot/src/share/vm/prims/jvm.cpp, line 1390]
Event: 0.531 Thread 0x00007f9be7006000 Exception <a 'sun/nio/fs/UnixException'> (0x0000000795c29668) thrown at [/Users/java_re/workspace/8-2-build-macosx-x86_64/jdk8u144/9417/hotspot/src/share/vm/prims/jni.cpp, line 709]

Events (10 events):
Event: 1.038 loading class org/lwjgl/system/MemoryUtil$MemoryAllocator
Event: 1.038 loading class org/lwjgl/system/MemoryUtil$MemoryAllocator done
Event: 1.038 loading class org/lwjgl/system/MemoryManage
Event: 1.038 loading class org/lwjgl/system/MemoryManage done
Event: 1.039 loading class org/lwjgl/system/jemalloc/JEmallocAllocator
Event: 1.039 loading class org/lwjgl/system/jemalloc/JEmallocAllocator done
Event: 1.040 loading class org/lwjgl/system/jemalloc/JEmalloc
Event: 1.040 loading class org/lwjgl/system/jemalloc/JEmalloc done
Event: 1.049 loading class org/lwjgl/system/jemalloc/JEmalloc$Functions
Event: 1.049 loading class org/lwjgl/system/jemalloc/JEmalloc$Functions done


Dynamic libraries:
0x000000002b6d6000 	/System/Library/Frameworks/Cocoa.framework/Versions/A/Cocoa
0x000000002b6d6000 	/System/Library/Frameworks/Security.framework/Versions/A/Security
0x000000002b6d6000 	/System/Library/Frameworks/ApplicationServices.framework/Versions/A/ApplicationServices
0x000000002b6d6000 	/usr/lib/libz.1.dylib
0x000000002b6d6000 	/usr/lib/libSystem.B.dylib
0x000000002b6d6000 	/usr/lib/libobjc.A.dylib
0x000000002b6d6000 	/System/Library/Frameworks/CoreFoundation.framework/Versions/A/CoreFoundation
0x000000002b6d6000 	/System/Library/Frameworks/Foundation.framework/Versions/C/Foundation
0x000000002b6d6000 	/System/Library/Frameworks/AppKit.framework/Versions/C/AppKit
0x000000002b6d6000 	/System/Library/Frameworks/CoreData.framework/Versions/A/CoreData
0x000000002b6d6000 	/System/Library/PrivateFrameworks/RemoteViewServices.framework/Versions/A/RemoteViewServices
0x000000002b6d6000 	/System/Library/PrivateFrameworks/UIFoundation.framework/Versions/A/UIFoundation
0x000000002b6d6000 	/System/Library/PrivateFrameworks/DFRFoundation.framework/Versions/A/DFRFoundation
0x000000002b6d6000 	/usr/lib/libenergytrace.dylib
0x000000002b6d6000 	/System/Library/PrivateFrameworks/SkyLight.framework/Versions/A/SkyLight
0x000000002b6d6000 	/System/Library/Frameworks/CoreGraphics.framework/Versions/A/CoreGraphics
0x000000002b6d6000 	/usr/lib/libScreenReader.dylib
0x000000002b6d6000 	/System/Library/Frameworks/Accelerate.framework/Versions/A/Accelerate
0x000000002b6d6000 	/System/Library/Frameworks/IOSurface.framework/Versions/A/IOSurface
0x000000002b6d6000 	/System/Library/Frameworks/AudioToolbox.framework/Versions/A/AudioToolbox
0x000000002b6d6000 	/System/Library/Frameworks/AudioUnit.framework/Versions/A/AudioUnit
0x000000002b6d6000 	/System/Library/PrivateFrameworks/DataDetectorsCore.framework/Versions/A/DataDetectorsCore
0x000000002b6d6000 	/System/Library/PrivateFrameworks/DesktopServicesPriv.framework/Versions/A/DesktopServicesPriv
0x000000002b6d6000 	/System/Library/Frameworks/Carbon.framework/Versions/A/Frameworks/HIToolbox.framework/Versions/A/HIToolbox
0x000000002b6d6000 	/usr/lib/libicucore.A.dylib
0x000000002b6d6000 	/System/Library/Frameworks/QuartzCore.framework/Versions/A/QuartzCore
0x000000002b6d6000 	/System/Library/Frameworks/Carbon.framework/Versions/A/Frameworks/SpeechRecognition.framework/Versions/A/SpeechRecognition
0x000000002b6d6000 	/usr/lib/libauto.dylib
0x000000002b6d6000 	/usr/lib/libxml2.2.dylib
0x000000002b6d6000 	/System/Library/PrivateFrameworks/CoreUI.framework/Versions/A/CoreUI
0x000000002b6d6000 	/System/Library/Frameworks/CoreAudio.framework/Versions/A/CoreAudio
0x000000002b6d6000 	/System/Library/Frameworks/DiskArbitration.framework/Versions/A/DiskArbitration
0x000000002b6d6000 	/usr/lib/liblangid.dylib
0x000000002b6d6000 	/System/Library/PrivateFrameworks/MultitouchSupport.framework/Versions/A/MultitouchSupport
0x000000002b6d6000 	/System/Library/Frameworks/IOKit.framework/Versions/A/IOKit
0x000000002b6d6000 	/usr/lib/libDiagnosticMessagesClient.dylib
0x000000002b6d6000 	/System/Library/Frameworks/CoreServices.framework/Versions/A/CoreServices
0x000000002b6d6000 	/System/Library/PrivateFrameworks/PerformanceAnalysis.framework/Versions/A/PerformanceAnalysis
0x000000002b6d6000 	/System/Library/PrivateFrameworks/GenerationalStorage.framework/Versions/A/GenerationalStorage
0x000000002b6d6000 	/System/Library/Frameworks/OpenGL.framework/Versions/A/OpenGL
0x000000002b6d6000 	/System/Library/Frameworks/CoreImage.framework/Versions/A/CoreImage
0x000000002b6d6000 	/System/Library/Frameworks/CoreText.framework/Versions/A/CoreText
0x000000002b6d6000 	/System/Library/Frameworks/ImageIO.framework/Versions/A/ImageIO
0x000000002b6d6000 	/System/Library/PrivateFrameworks/Backup.framework/Versions/A/Backup
0x000000002b6d6000 	/usr/lib/libarchive.2.dylib
0x000000002b6d6000 	/System/Library/Frameworks/CFNetwork.framework/Versions/A/CFNetwork
0x000000002b6d6000 	/System/Library/Frameworks/SystemConfiguration.framework/Versions/A/SystemConfiguration
0x000000002b6d6000 	/usr/lib/libCRFSuite.dylib
0x000000002b6d6000 	/usr/lib/libc++.1.dylib
0x000000002b6d6000 	/usr/lib/libc++abi.dylib
0x000000002b6d6000 	/usr/lib/system/libcache.dylib
0x000000002b6d6000 	/usr/lib/system/libcommonCrypto.dylib
0x000000002b6d6000 	/usr/lib/system/libcompiler_rt.dylib
0x000000002b6d6000 	/usr/lib/system/libcopyfile.dylib
0x000000002b6d6000 	/usr/lib/system/libcorecrypto.dylib
0x000000002b6d6000 	/usr/lib/system/libdispatch.dylib
0x000000002b6d6000 	/usr/lib/system/libdyld.dylib
0x000000002b6d6000 	/usr/lib/system/libkeymgr.dylib
0x000000002b6d6000 	/usr/lib/system/liblaunch.dylib
0x000000002b6d6000 	/usr/lib/system/libmacho.dylib
0x000000002b6d6000 	/usr/lib/system/libquarantine.dylib
0x000000002b6d6000 	/usr/lib/system/libremovefile.dylib
0x000000002b6d6000 	/usr/lib/system/libsystem_asl.dylib
0x000000002b6d6000 	/usr/lib/system/libsystem_blocks.dylib
0x000000002b6d6000 	/usr/lib/system/libsystem_c.dylib
0x000000002b6d6000 	/usr/lib/system/libsystem_configuration.dylib
0x000000002b6d6000 	/usr/lib/system/libsystem_coreservices.dylib
0x000000002b6d6000 	/usr/lib/system/libsystem_coretls.dylib
0x000000002b6d6000 	/usr/lib/system/libsystem_dnssd.dylib
0x000000002b6d6000 	/usr/lib/system/libsystem_info.dylib
0x000000002b6d6000 	/usr/lib/system/libsystem_kernel.dylib
0x000000002b6d6000 	/usr/lib/system/libsystem_m.dylib
0x000000002b6d6000 	/usr/lib/system/libsystem_malloc.dylib
0x000000002b6d6000 	/usr/lib/system/libsystem_network.dylib
0x000000002b6d6000 	/usr/lib/system/libsystem_networkextension.dylib
0x000000002b6d6000 	/usr/lib/system/libsystem_notify.dylib
0x000000002b6d6000 	/usr/lib/system/libsystem_platform.dylib
0x000000002b6d6000 	/usr/lib/system/libsystem_pthread.dylib
0x000000002b6d6000 	/usr/lib/system/libsystem_sandbox.dylib
0x000000002b6d6000 	/usr/lib/system/libsystem_secinit.dylib
0x000000002b6d6000 	/usr/lib/system/libsystem_symptoms.dylib
0x000000002b6d6000 	/usr/lib/system/libsystem_trace.dylib
0x000000002b6d6000 	/usr/lib/system/libunwind.dylib
0x000000002b6d6000 	/usr/lib/system/libxpc.dylib
0x000000002b6d6000 	/usr/lib/libbsm.0.dylib
0x000000002b6d6000 	/usr/lib/system/libkxld.dylib
0x000000002b6d6000 	/usr/lib/libcoretls.dylib
0x000000002b6d6000 	/usr/lib/libcoretls_cfhelpers.dylib
0x000000002b6d6000 	/usr/lib/libOpenScriptingUtil.dylib
0x000000002b6d6000 	/usr/lib/libpam.2.dylib
0x000000002b6d6000 	/usr/lib/libsqlite3.dylib
0x000000002b6d6000 	/usr/lib/libxar.1.dylib
0x000000002b6d6000 	/usr/lib/libbz2.1.0.dylib
0x000000002b6d6000 	/usr/lib/liblzma.5.dylib
0x000000002b6d6000 	/usr/lib/libnetwork.dylib
0x000000002b6d6000 	/usr/lib/libpcap.A.dylib
0x000000002b6d6000 	/System/Library/Frameworks/CoreServices.framework/Versions/A/Frameworks/FSEvents.framework/Versions/A/FSEvents
0x000000002b6d6000 	/System/Library/Frameworks/CoreServices.framework/Versions/A/Frameworks/CarbonCore.framework/Versions/A/CarbonCore
0x000000002b6d6000 	/System/Library/Frameworks/CoreServices.framework/Versions/A/Frameworks/Metadata.framework/Versions/A/Metadata
0x000000002b6d6000 	/System/Library/Frameworks/CoreServices.framework/Versions/A/Frameworks/OSServices.framework/Versions/A/OSServices
0x000000002b6d6000 	/System/Library/Frameworks/CoreServices.framework/Versions/A/Frameworks/SearchKit.framework/Versions/A/SearchKit
0x000000002b6d6000 	/System/Library/Frameworks/CoreServices.framework/Versions/A/Frameworks/AE.framework/Versions/A/AE
0x000000002b6d6000 	/System/Library/Frameworks/CoreServices.framework/Versions/A/Frameworks/LaunchServices.framework/Versions/A/LaunchServices
0x000000002b6d6000 	/System/Library/Frameworks/CoreServices.framework/Versions/A/Frameworks/DictionaryServices.framework/Versions/A/DictionaryServices
0x000000002b6d6000 	/System/Library/Frameworks/CoreServices.framework/Versions/A/Frameworks/SharedFileList.framework/Versions/A/SharedFileList
0x000000002b6d6000 	/System/Library/Frameworks/NetFS.framework/Versions/A/NetFS
0x000000002b6d6000 	/System/Library/PrivateFrameworks/NetAuth.framework/Versions/A/NetAuth
0x000000002b6d6000 	/System/Library/PrivateFrameworks/login.framework/Versions/A/Frameworks/loginsupport.framework/Versions/A/loginsupport
0x000000002b6d6000 	/System/Library/PrivateFrameworks/TCC.framework/Versions/A/TCC
0x000000002b6d6000 	/usr/lib/libmecabra.dylib
0x000000002b6d6000 	/System/Library/Frameworks/ApplicationServices.framework/Versions/A/Frameworks/ATS.framework/Versions/A/ATS
0x000000002b6d6000 	/System/Library/Frameworks/ApplicationServices.framework/Versions/A/Frameworks/ColorSync.framework/Versions/A/ColorSync
0x000000002b6d6000 	/System/Library/Frameworks/ApplicationServices.framework/Versions/A/Frameworks/HIServices.framework/Versions/A/HIServices
0x000000002b6d6000 	/System/Library/Frameworks/ApplicationServices.framework/Versions/A/Frameworks/LangAnalysis.framework/Versions/A/LangAnalysis
0x000000002b6d6000 	/System/Library/Frameworks/ApplicationServices.framework/Versions/A/Frameworks/PrintCore.framework/Versions/A/PrintCore
0x000000002b6d6000 	/System/Library/Frameworks/ApplicationServices.framework/Versions/A/Frameworks/QD.framework/Versions/A/QD
0x000000002b6d6000 	/System/Library/Frameworks/ApplicationServices.framework/Versions/A/Frameworks/SpeechSynthesis.framework/Versions/A/SpeechSynthesis
0x000000002b6d6000 	/System/Library/Frameworks/Accelerate.framework/Versions/A/Frameworks/vImage.framework/Versions/A/vImage
0x000000002b6d6000 	/System/Library/Frameworks/Accelerate.framework/Versions/A/Frameworks/vecLib.framework/Versions/A/vecLib
0x000000002b6d6000 	/System/Library/Frameworks/Accelerate.framework/Versions/A/Frameworks/vecLib.framework/Versions/A/libvDSP.dylib
0x000000002b6d6000 	/System/Library/Frameworks/Accelerate.framework/Versions/A/Frameworks/vecLib.framework/Versions/A/libBNNS.dylib
0x000000002b6d6000 	/System/Library/Frameworks/Accelerate.framework/Versions/A/Frameworks/vecLib.framework/Versions/A/libQuadrature.dylib
0x000000002b6d6000 	/System/Library/Frameworks/Accelerate.framework/Versions/A/Frameworks/vecLib.framework/Versions/A/libvMisc.dylib
0x000000002b6d6000 	/System/Library/Frameworks/Accelerate.framework/Versions/A/Frameworks/vecLib.framework/Versions/A/libLAPACK.dylib
0x000000002b6d6000 	/System/Library/Frameworks/Accelerate.framework/Versions/A/Frameworks/vecLib.framework/Versions/A/libBLAS.dylib
0x000000002b6d6000 	/System/Library/Frameworks/Accelerate.framework/Versions/A/Frameworks/vecLib.framework/Versions/A/libLinearAlgebra.dylib
0x000000002b6d6000 	/System/Library/Frameworks/Accelerate.framework/Versions/A/Frameworks/vecLib.framework/Versions/A/libSparseBLAS.dylib
0x000000002b6d6000 	/System/Library/Frameworks/ApplicationServices.framework/Versions/A/Frameworks/ATS.framework/Versions/A/Resources/libFontParser.dylib
0x000000002b6d6000 	/System/Library/Frameworks/ApplicationServices.framework/Versions/A/Frameworks/ATS.framework/Versions/A/Resources/libFontRegistry.dylib
0x000000002b6d6000 	/System/Library/Frameworks/ImageIO.framework/Versions/A/Resources/libJPEG.dylib
0x000000002b6d6000 	/System/Library/Frameworks/ImageIO.framework/Versions/A/Resources/libTIFF.dylib
0x000000002b6d6000 	/System/Library/Frameworks/ImageIO.framework/Versions/A/Resources/libPng.dylib
0x000000002b6d6000 	/System/Library/Frameworks/ImageIO.framework/Versions/A/Resources/libGIF.dylib
0x000000002b6d6000 	/System/Library/Frameworks/ImageIO.framework/Versions/A/Resources/libJP2.dylib
0x000000002b6d6000 	/System/Library/Frameworks/ImageIO.framework/Versions/A/Resources/libRadiance.dylib
0x000000002b6d6000 	/usr/lib/libcompression.dylib
0x000000002b6d6000 	/System/Library/PrivateFrameworks/AppleJPEG.framework/Versions/A/AppleJPEG
0x000000002b6d6000 	/usr/lib/libcups.2.dylib
0x000000002b6d6000 	/System/Library/Frameworks/Kerberos.framework/Versions/A/Kerberos
0x000000002b6d6000 	/System/Library/Frameworks/GSS.framework/Versions/A/GSS
0x000000002b6d6000 	/usr/lib/libresolv.9.dylib
0x000000002b6d6000 	/usr/lib/libiconv.2.dylib
0x000000002b6d6000 	/System/Library/PrivateFrameworks/Heimdal.framework/Versions/A/Heimdal
0x000000002b6d6000 	/usr/lib/libheimdal-asn1.dylib
0x000000002b6d6000 	/System/Library/Frameworks/OpenDirectory.framework/Versions/A/OpenDirectory
0x000000002b6d6000 	/System/Library/PrivateFrameworks/CommonAuth.framework/Versions/A/CommonAuth
0x000000002b6d6000 	/System/Library/Frameworks/OpenDirectory.framework/Versions/A/Frameworks/CFOpenDirectory.framework/Versions/A/CFOpenDirectory
0x000000002b6d6000 	/System/Library/Frameworks/SecurityFoundation.framework/Versions/A/SecurityFoundation
0x000000002b6d6000 	/System/Library/PrivateFrameworks/LanguageModeling.framework/Versions/A/LanguageModeling
0x000000002b6d6000 	/usr/lib/libmarisa.dylib
0x000000002b6d6000 	/usr/lib/libChineseTokenizer.dylib
0x000000002b6d6000 	/usr/lib/libcmph.dylib
0x000000002b6d6000 	/System/Library/PrivateFrameworks/CoreEmoji.framework/Versions/A/CoreEmoji
0x000000002b6d6000 	/System/Library/Frameworks/ServiceManagement.framework/Versions/A/ServiceManagement
0x000000002b6d6000 	/usr/lib/libxslt.1.dylib
0x000000002b6d6000 	/System/Library/Frameworks/Carbon.framework/Versions/A/Frameworks/Ink.framework/Versions/A/Ink
0x000000002b6d6000 	/System/Library/PrivateFrameworks/TextureIO.framework/Versions/A/TextureIO
0x000000002b6d6000 	/System/Library/Frameworks/Metal.framework/Versions/A/Metal
0x000000002b6d6000 	/usr/lib/libate.dylib
0x000000002b6d6000 	/System/Library/PrivateFrameworks/GPUCompiler.framework/libmetal_timestamp.dylib
0x000000002b6d6000 	/System/Library/Frameworks/OpenGL.framework/Versions/A/Libraries/libCoreFSCache.dylib
0x000000002b6d6000 	/System/Library/PrivateFrameworks/IOAccelerator.framework/Versions/A/IOAccelerator
0x000000002b6d6000 	/System/Library/Frameworks/CoreVideo.framework/Versions/A/CoreVideo
0x000000002b6d6000 	/usr/lib/libFosl_dynamic.dylib
0x000000002b6d6000 	/System/Library/PrivateFrameworks/MetalPerformanceShaders.framework/Versions/A/MetalPerformanceShaders
0x000000002b6d6000 	/System/Library/PrivateFrameworks/FaceCore.framework/Versions/A/FaceCore
0x000000002b6d6000 	/System/Library/Frameworks/OpenCL.framework/Versions/A/OpenCL
0x000000002b6d6000 	/System/Library/Frameworks/OpenGL.framework/Versions/A/Libraries/libGLU.dylib
0x000000002b6d6000 	/System/Library/Frameworks/OpenGL.framework/Versions/A/Libraries/libGFXShared.dylib
0x000000002b6d6000 	/System/Library/Frameworks/OpenGL.framework/Versions/A/Libraries/libGL.dylib
0x000000002b6d6000 	/System/Library/Frameworks/OpenGL.framework/Versions/A/Libraries/libGLImage.dylib
0x000000002b6d6000 	/System/Library/Frameworks/OpenGL.framework/Versions/A/Libraries/libCVMSPluginSupport.dylib
0x000000002b6d6000 	/System/Library/Frameworks/OpenGL.framework/Versions/A/Libraries/libCoreVMClient.dylib
0x000000002b6d6000 	/System/Library/PrivateFrameworks/CrashReporterSupport.framework/Versions/A/CrashReporterSupport
0x000000002b6d6000 	/System/Library/PrivateFrameworks/Sharing.framework/Versions/A/Sharing
0x000000002b6d6000 	/System/Library/PrivateFrameworks/IconServices.framework/Versions/A/IconServices
0x000000002b6d6000 	/System/Library/PrivateFrameworks/ProtocolBuffer.framework/Versions/A/ProtocolBuffer
0x000000002b6d6000 	/System/Library/PrivateFrameworks/Apple80211.framework/Versions/A/Apple80211
0x000000002b6d6000 	/System/Library/Frameworks/CoreWLAN.framework/Versions/A/CoreWLAN
0x000000002b6d6000 	/System/Library/PrivateFrameworks/CoreUtils.framework/Versions/A/CoreUtils
0x000000002b6d6000 	/System/Library/Frameworks/IOBluetooth.framework/Versions/A/IOBluetooth
0x000000002b6d6000 	/System/Library/PrivateFrameworks/CoreWiFi.framework/Versions/A/CoreWiFi
0x000000002b6d6000 	/System/Library/Frameworks/CoreBluetooth.framework/Versions/A/CoreBluetooth
0x000000002b6d6000 	/System/Library/Frameworks/CoreDisplay.framework/Versions/A/CoreDisplay
0x000000002b6d6000 	/System/Library/PrivateFrameworks/IOPresentment.framework/Versions/A/IOPresentment
0x000000002b6d6000 	/System/Library/PrivateFrameworks/DSExternalDisplay.framework/Versions/A/DSExternalDisplay
0x000000002b6d6000 	/System/Library/PrivateFrameworks/DebugSymbols.framework/Versions/A/DebugSymbols
0x000000002b6d6000 	/System/Library/PrivateFrameworks/CoreSymbolication.framework/Versions/A/CoreSymbolication
0x000000002b6d6000 	/System/Library/PrivateFrameworks/Symbolication.framework/Versions/A/Symbolication
0x000000002b6d6000 	/System/Library/PrivateFrameworks/AppleFSCompression.framework/Versions/A/AppleFSCompression
0x000000002b6d6000 	/System/Library/PrivateFrameworks/SpeechRecognitionCore.framework/Versions/A/SpeechRecognitionCore
0x000000002b6d6000 	/System/Library/PrivateFrameworks/ChunkingLibrary.framework/Versions/A/ChunkingLibrary
0x0000000106000000 	/Library/Java/JavaVirtualMachines/jdk1.8.0_144.jdk/Contents/Home/jre/lib/server/libjvm.dylib
0x000000002b6d6000 	/usr/lib/libstdc++.6.dylib
0x0000000105699000 	/Library/Java/JavaVirtualMachines/jdk1.8.0_144.jdk/Contents/Home/jre/lib/libverify.dylib
0x00000001056a7000 	/Library/Java/JavaVirtualMachines/jdk1.8.0_144.jdk/Contents/Home/jre/lib/libjava.dylib
0x00000001056e5000 	/Library/Java/JavaVirtualMachines/jdk1.8.0_144.jdk/Contents/Home/jre/lib/libzip.dylib
0x000000010d80f000 	/System/Library/Frameworks/JavaVM.framework/Frameworks/JavaRuntimeSupport.framework/JavaRuntimeSupport
0x00000001057eb000 	/System/Library/Frameworks/JavaVM.framework/Versions/A/Frameworks/JavaNativeFoundation.framework/Versions/A/JavaNativeFoundation
0x000000010d829000 	/System/Library/Frameworks/JavaVM.framework/Versions/A/JavaVM
0x000000002b6d6000 	/System/Library/Frameworks/Carbon.framework/Versions/A/Carbon
0x000000010d836000 	/System/Library/PrivateFrameworks/JavaLaunching.framework/Versions/A/JavaLaunching
0x000000002b6d6000 	/System/Library/Frameworks/Carbon.framework/Versions/A/Frameworks/CommonPanels.framework/Versions/A/CommonPanels
0x000000002b6d6000 	/System/Library/Frameworks/Carbon.framework/Versions/A/Frameworks/Help.framework/Versions/A/Help
0x000000002b6d6000 	/System/Library/Frameworks/Carbon.framework/Versions/A/Frameworks/ImageCapture.framework/Versions/A/ImageCapture
0x000000002b6d6000 	/System/Library/Frameworks/Carbon.framework/Versions/A/Frameworks/OpenScripting.framework/Versions/A/OpenScripting
0x000000002b6d6000 	/System/Library/Frameworks/Carbon.framework/Versions/A/Frameworks/Print.framework/Versions/A/Print
0x000000002b6d6000 	/System/Library/Frameworks/Carbon.framework/Versions/A/Frameworks/SecurityHI.framework/Versions/A/SecurityHI
0x000000010f278000 	/Library/Java/JavaVirtualMachines/jdk1.8.0_144.jdk/Contents/Home/jre/lib/libnio.dylib
0x000000010f288000 	/Library/Java/JavaVirtualMachines/jdk1.8.0_144.jdk/Contents/Home/jre/lib/./libnet.dylib
0x000000010f363000 	/private/var/folders/gz/vc4dmvln38dfj0tngvywly6m0000gn/T/lwjgliosmac/3.1.3-SNAPSHOT/liblwjgl.dylib
0x000000010f413000 	/var/folders/gz/vc4dmvln38dfj0tngvywly6m0000gn/T/lwjgliosmac/3.1.3-SNAPSHOT/libglfw.dylib
0x000000002b6d6000 	/System/Library/PrivateFrameworks/CoreServicesInternal.framework/Versions/A/CoreServicesInternal
0x000000002b6d6000 	/System/Library/PrivateFrameworks/FamilyControls.framework/Versions/A/FamilyControls
0x000000002b6d6000 	/System/Library/PrivateFrameworks/CommerceKit.framework/Versions/A/Frameworks/CommerceCore.framework/Versions/A/CommerceCore
0x000000002b6d6000 	/System/Library/PrivateFrameworks/SystemAdministration.framework/Versions/A/SystemAdministration
0x000000002b6d6000 	/System/Library/PrivateFrameworks/AppContainer.framework/Versions/A/AppContainer
0x000000002b6d6000 	/System/Library/PrivateFrameworks/SecCodeWrapper.framework/Versions/A/SecCodeWrapper
0x000000002b6d6000 	/System/Library/Frameworks/DirectoryService.framework/Versions/A/DirectoryService
0x000000002b6d6000 	/System/Library/PrivateFrameworks/DiskImages.framework/Versions/A/DiskImages
0x000000002b6d6000 	/System/Library/PrivateFrameworks/LoginUIKit.framework/Versions/A/Frameworks/LoginUICore.framework/Versions/A/LoginUICore
0x000000002b6d6000 	/usr/lib/libCoreStorage.dylib
0x000000002b6d6000 	/usr/lib/libcsfde.dylib
0x000000002b6d6000 	/usr/lib/libodfde.dylib
0x000000002b6d6000 	/System/Library/Frameworks/DiscRecording.framework/Versions/A/DiscRecording
0x000000002b6d6000 	/usr/lib/libcurl.4.dylib
0x000000002b6d6000 	/System/Library/PrivateFrameworks/MediaKit.framework/Versions/A/MediaKit
0x000000002b6d6000 	/System/Library/PrivateFrameworks/ProtectedCloudStorage.framework/Versions/A/ProtectedCloudStorage
0x000000002b6d6000 	/System/Library/PrivateFrameworks/EFILogin.framework/Versions/A/EFILogin
0x000000002b6d6000 	/usr/lib/libutil.dylib
0x000000002b6d6000 	/System/Library/Frameworks/LDAP.framework/Versions/A/LDAP
0x000000002b6d6000 	/usr/lib/libsasl2.2.dylib
0x000000002b6d6000 	/System/Library/PrivateFrameworks/CoreDaemon.framework/Versions/B/CoreDaemon
0x000000002b6d6000 	/System/Library/PrivateFrameworks/AppleSRP.framework/Versions/A/AppleSRP
0x000000002b6d6000 	/System/Library/PrivateFrameworks/APFS.framework/Versions/A/APFS
0x000000002b6d6000 	/System/Library/Frameworks/Accelerate.framework/Versions/A/Frameworks/vImage.framework/Versions/A/Libraries/libCGInterfaces.dylib
0x0000000111151000 	/System/Library/Frameworks/OpenGL.framework/Resources/GLEngine.bundle/GLEngine
0x000000002b6d6000 	/System/Library/Frameworks/OpenGL.framework/Versions/A/Libraries/libGLProgrammability.dylib
0x0000000111336000 	/System/Library/Extensions/AppleIntelHD4000GraphicsGLDriver.bundle/Contents/MacOS/AppleIntelHD4000GraphicsGLDriver
0x000000002b6d6000 	/System/Library/PrivateFrameworks/GPUSupport.framework/Versions/A/Libraries/libGPUSupportMercury.dylib
0x0000000110788000 	/System/Library/Frameworks/OpenGL.framework/Resources//GLRendererFloat.bundle/GLRendererFloat
0x000000002b6d6000 	/System/Library/Frameworks/OpenCL.framework/Versions/A/Libraries/libcldcpuengine.dylib
0x000000002b6d6000 	/usr/lib/libcrypto.0.9.8.dylib
0x000000002b6d6000 	/System/Library/PrivateFrameworks/TrustEvaluationAgent.framework/Versions/A/TrustEvaluationAgent
0x000000002b6d6000 	/System/Library/Frameworks/ApplicationServices.framework/Versions/A/Frameworks/ATS.framework/Versions/A/Resources/libTrueTypeScaler.dylib
0x0000000112e7d000 	/private/var/folders/gz/vc4dmvln38dfj0tngvywly6m0000gn/T/lwjgliosmac/3.1.3-SNAPSHOT/liblwjgl_opengl.dylib
0x0000000113058000 	/var/folders/gz/vc4dmvln38dfj0tngvywly6m0000gn/T/lwjgliosmac/3.1.3-SNAPSHOT/libjemalloc.dylib
0x000000011406f000 	/System/Library/Extensions/AppleIntelHD4000GraphicsMTLDriver.bundle/Contents/MacOS/AppleIntelHD4000GraphicsMTLDriver
0x000000002b6d6000 	/System/Library/PrivateFrameworks/ViewBridge.framework/Versions/A/ViewBridge
0x000000002b6d6000 	/System/Library/PrivateFrameworks/XPCService.framework/Versions/A/XPCService
0x000000002b6d6000 	/System/Library/PrivateFrameworks/AppSandbox.framework/Versions/A/AppSandbox
0x000000002b6d6000 	/usr/lib/libsandbox.1.dylib
0x000000002b6d6000 	/usr/lib/libMatch.1.dylib

VM Arguments:
jvm_args: -Djava.awt.headless=true -Dfile.encoding=UTF-8 
java_command: com.td.Main
java_class_path (initial): /Library/Java/JavaVirtualMachines/jdk1.8.0_144.jdk/Contents/Home/jre/lib/charsets.jar:/Library/Java/JavaVirtualMachines/jdk1.8.0_144.jdk/Contents/Home/jre/lib/deploy.jar:/Library/Java/JavaVirtualMachines/jdk1.8.0_144.jdk/Contents/Home/jre/lib/ext/cldrdata.jar:/Library/Java/JavaVirtualMachines/jdk1.8.0_144.jdk/Contents/Home/jre/lib/ext/dnsns.jar:/Library/Java/JavaVirtualMachines/jdk1.8.0_144.jdk/Contents/Home/jre/lib/ext/jaccess.jar:/Library/Java/JavaVirtualMachines/jdk1.8.0_144.jdk/Contents/Home/jre/lib/ext/jfxrt.jar:/Library/Java/JavaVirtualMachines/jdk1.8.0_144.jdk/Contents/Home/jre/lib/ext/localedata.jar:/Library/Java/JavaVirtualMachines/jdk1.8.0_144.jdk/Contents/Home/jre/lib/ext/nashorn.jar:/Library/Java/JavaVirtualMachines/jdk1.8.0_144.jdk/Contents/Home/jre/lib/ext/sunec.jar:/Library/Java/JavaVirtualMachines/jdk1.8.0_144.jdk/Contents/Home/jre/lib/ext/sunjce_provider.jar:/Library/Java/JavaVirtualMachines/jdk1.8.0_144.jdk/Contents/Home/jre/lib/ext/sunpkcs11.jar:/Library/Java/JavaVirtualMachines/jdk1.8.0_144.jdk/Contents/Home/jre/lib/ext/zipfs.jar:/Library/Java/JavaVirtualMachines/jdk1.8.0_144.jdk/Contents/Home/jre/lib/javaws.jar:/Library/Java/JavaVirtualMachines/jdk1.8.0_144.jdk/Contents/Home/jre/lib/jce.jar:/Library/Java/JavaVirtualMachines/jdk1.8.0_144.jdk/Contents/Home/jre/lib/jfr.jar:/Library/Java/JavaVirtualMachines/jdk1.8.0_144.jdk/Contents/Home/jre/lib/jfxswt.jar:/Library/Java/JavaVirtualMachines/jdk1.8.0_144.jdk/Contents/Home/jre/lib/jsse.jar:/Library/Java/JavaVirtualMachines/jdk1.8.0_144.jdk/Contents/Home/jre/lib/management-agent.jar:/Library/Java/JavaVirtualMachines/jdk1.8.0_144.jdk/Contents/Home/jre/lib/plugin.jar:/Library/Java/JavaVirtualMachines/jdk1.8.0_144.jdk/Contents/Home/jre/lib/resources.jar:/Library/Java/JavaVirtualMachines/jdk1.8.0_144.jdk/Contents/Home/jre/lib/rt.jar:/Library/Java/JavaVirtualMachines/jdk1.8.0_144.jdk/Contents/Home/lib/ant-javafx.jar:/Library/Java/JavaVirtualMachines/jdk1.8.0_144.jdk/Contents/Home
Launcher Type: SUN_STANDARD

Environment Variables:
PATH=/usr/bin:/bin:/usr/sbin:/sbin:/usr/local/bin
SHELL=/bin/bash

Signal Handlers:
SIGSEGV: [libjvm.dylib+0x5b26e5], sa_mask[0]=11111111011111110111111111111111, sa_flags=SA_ONSTACK|SA_RESTART|SA_SIGINFO
SIGBUS: [libjvm.dylib+0x5b26e5], sa_mask[0]=11111111011111110111111111111111, sa_flags=SA_RESTART|SA_SIGINFO
SIGFPE: [libjvm.dylib+0x489100], sa_mask[0]=11111111011111110111111111111111, sa_flags=SA_RESTART|SA_SIGINFO
SIGPIPE: [libjvm.dylib+0x489100], sa_mask[0]=11111111011111110111111111111111, sa_flags=SA_RESTART|SA_SIGINFO
SIGXFSZ: [libjvm.dylib+0x489100], sa_mask[0]=11111111011111110111111111111111, sa_flags=SA_RESTART|SA_SIGINFO
SIGILL: [libjvm.dylib+0x489100], sa_mask[0]=11111111011111110111111111111111, sa_flags=SA_RESTART|SA_SIGINFO
SIGUSR1: SIG_DFL, sa_mask[0]=00000000000000000000000000000000, sa_flags=none
SIGUSR2: [libjvm.dylib+0x488c1e], sa_mask[0]=00100000000000000000000000000000, sa_flags=SA_RESTART|SA_SIGINFO
SIGHUP: [libjvm.dylib+0x4871f5], sa_mask[0]=11111111011111110111111111111111, sa_flags=SA_RESTART|SA_SIGINFO
SIGINT: [libjvm.dylib+0x4871f5], sa_mask[0]=11111111011111110111111111111111, sa_flags=SA_RESTART|SA_SIGINFO
SIGTERM: [libjvm.dylib+0x4871f5], sa_mask[0]=11111111011111110111111111111111, sa_flags=SA_RESTART|SA_SIGINFO
SIGQUIT: [libjvm.dylib+0x4871f5], sa_mask[0]=11111111011111110111111111111111, sa_flags=SA_RESTART|SA_SIGINFO


---------------  S Y S T E M  ---------------

OS:Bsduname:Darwin 16.7.0 Darwin Kernel Version 16.7.0: Wed Oct  4 00:17:00 PDT 2017; root:xnu-3789.71.6~1/RELEASE_X86_64 x86_64
rlimit: STACK 8192k, CORE 0k, NPROC 709, NOFILE 10240, AS infinity
load average:2.01 2.05 2.17

CPU:total 4 (initial active 4) (2 cores per cpu, 2 threads per core) family 6 model 58 stepping 9, cmov, cx8, fxsr, mmx, sse, sse2, sse3, ssse3, sse4.1, sse4.2, popcnt, avx, aes, clmul, erms, ht, tsc, tscinvbit, tscinv

Memory: 4k page, physical 8388608k(883636k free)

/proc/meminfo:


vm_info: Java HotSpot(TM) 64-Bit Server VM (25.144-b01) for bsd-amd64 JRE (1.8.0_144-b01), built on Jul 21 2017 22:07:42 by "java_re" with gcc 4.2.1 (Based on Apple Inc. build 5658) (LLVM build 2336.11.00)

time: Thu Nov 16 02:01:27 2017
elapsed time: 1 seconds (0d 0h 0m 1s)

